<?xml version="1.0" encoding="UTF-8"?>
<testng-results skipped="0" failed="0" ignored="0" total="1" passed="1">
  <reporter-output>
  </reporter-output>
  <suite name="Suite" duration-ms="12415" started-at="2020-02-18T11:35:01Z" finished-at="2020-02-18T11:35:13Z">
    <groups>
    </groups>
    <test name="Test" duration-ms="12415" started-at="2020-02-18T11:35:01Z" finished-at="2020-02-18T11:35:13Z">
      <class name="maven.Abbas">
        <test-method status="PASS" signature="test3(java.lang.String, java.lang.String)[pri:0, instance:maven.Abbas@5ae9a829]" name="test3" duration-ms="12374" started-at="2020-02-18T11:35:01Z" finished-at="2020-02-18T11:35:13Z">
          <params>
            <param index="0">
              <value>
                <![CDATA[shalomdaniel13@gmail.com]]>
              </value>
            </param>
            <param index="1">
              <value>
                <![CDATA[salavationarmyromancatholic]]>
              </value>
            </param>
          </params>
          <reporter-output>
          </reporter-output>
        </test-method> <!-- test3 -->
      </class> <!-- maven.Abbas -->
    </test> <!-- Test -->
  </suite> <!-- Suite -->
</testng-results>
